{"/Users/mm/Desktop/TestCICD/App.tsx": {"path":"/Users/mm/Desktop/TestCICD/App.tsx","statementMap":{"0":{"start":{"line":32,"column":21},"end":{"line":32,"column":48}},"1":{"start":{"line":33,"column":2},"end":{"line":56,"column":4}},"2":{"start":{"line":60,"column":21},"end":{"line":60,"column":48}},"3":{"start":{"line":62,"column":12},"end":{"line":62,"column":21}},"4":{"start":{"line":63,"column":2},"end":{"line":63,"column":17}},"5":{"start":{"line":64,"column":2},"end":{"line":64,"column":17}},"6":{"start":{"line":65,"column":26},"end":{"line":67,"column":3}},"7":{"start":{"line":78,"column":22},"end":{"line":78,"column":26}},"8":{"start":{"line":80,"column":2},"end":{"line":114,"column":4}},"9":{"start":{"line":117,"column":15},"end":{"line":134,"column":2}}},"fnMap":{"0":{"name":"Section","decl":{"start":{"line":31,"column":9},"end":{"line":31,"column":16}},"loc":{"start":{"line":31,"column":71},"end":{"line":57,"column":1}},"line":31},"1":{"name":"App","decl":{"start":{"line":59,"column":9},"end":{"line":59,"column":12}},"loc":{"start":{"line":59,"column":34},"end":{"line":115,"column":1}},"line":59}},"branchMap":{"0":{"loc":{"start":{"line":39,"column":19},"end":{"line":39,"column":59}},"type":"cond-expr","locations":[{"start":{"line":39,"column":32},"end":{"line":39,"column":44}},{"start":{"line":39,"column":47},"end":{"line":39,"column":59}}],"line":39},"1":{"loc":{"start":{"line":49,"column":19},"end":{"line":49,"column":58}},"type":"cond-expr","locations":[{"start":{"line":49,"column":32},"end":{"line":49,"column":44}},{"start":{"line":49,"column":47},"end":{"line":49,"column":58}}],"line":49},"2":{"loc":{"start":{"line":66,"column":21},"end":{"line":66,"column":64}},"type":"cond-expr","locations":[{"start":{"line":66,"column":34},"end":{"line":66,"column":47}},{"start":{"line":66,"column":50},"end":{"line":66,"column":64}}],"line":66},"3":{"loc":{"start":{"line":83,"column":18},"end":{"line":83,"column":63}},"type":"cond-expr","locations":[{"start":{"line":83,"column":31},"end":{"line":83,"column":46}},{"start":{"line":83,"column":49},"end":{"line":83,"column":63}}],"line":83},"4":{"loc":{"start":{"line":92,"column":29},"end":{"line":92,"column":69}},"type":"cond-expr","locations":[{"start":{"line":92,"column":42},"end":{"line":92,"column":54}},{"start":{"line":92,"column":57},"end":{"line":92,"column":69}}],"line":92}},"s":{"0":4,"1":4,"2":1,"3":1,"4":1,"5":1,"6":1,"7":1,"8":1,"9":1},"f":{"0":4,"1":1},"b":{"0":[0,4],"1":[0,4],"2":[0,1],"3":[0,1],"4":[0,1]},"_coverageSchema":"1a1c01bbd47fc00a2c39e90264f33305004495a9","hash":"0db425593dd409adfc40e44b32cad60389fa97ec"}
}
